<?xml version="1.0" encoding="UTF-8"?>
<!-- Generated by org.testng.reporters.JUnitXMLReporter -->
<testsuite hostname="n8s-pc" ignored="0" name="Default test" tests="3" failures="0" timestamp="23 Jan 2018 16:18:34 GMT" time="0.06" errors="0">
  <testcase name="anotherTest" time="0.006" classname="com.revature.testng.HelloWorld"/>
  <testcase name="f" time="0.002" classname="com.revature.testng.HelloWorld"/>
  <testcase name="f" time="0.005" classname="com.revature.testng.HelloWorld"/>
</testsuite> <!-- Default test -->
