<?xml version="1.0" encoding="UTF-8"?>
<testng-results skipped="0" failed="0" ignored="0" total="3" passed="3">
  <reporter-output>
  </reporter-output>
  <suite name="Default suite" duration-ms="60" started-at="2018-01-23T16:18:34Z" finished-at="2018-01-23T16:18:34Z">
    <groups>
    </groups>
    <test name="Default test" duration-ms="60" started-at="2018-01-23T16:18:34Z" finished-at="2018-01-23T16:18:34Z">
      <class name="com.revature.testng.HelloWorld">
        <test-method status="PASS" signature="beforeSuite()[pri:0, instance:com.revature.testng.HelloWorld@475530b9]" name="beforeSuite" is-config="true" duration-ms="14" started-at="2018-01-23T11:18:34Z" finished-at="2018-01-23T11:18:34Z">
          <reporter-output>
          </reporter-output>
        </test-method> <!-- beforeSuite -->
        <test-method status="PASS" signature="beforeTest()[pri:0, instance:com.revature.testng.HelloWorld@475530b9]" name="beforeTest" is-config="true" duration-ms="1" started-at="2018-01-23T11:18:34Z" finished-at="2018-01-23T11:18:34Z">
          <reporter-output>
          </reporter-output>
        </test-method> <!-- beforeTest -->
        <test-method status="PASS" signature="beforeClass()[pri:0, instance:com.revature.testng.HelloWorld@475530b9]" name="beforeClass" is-config="true" duration-ms="0" started-at="2018-01-23T11:18:34Z" finished-at="2018-01-23T11:18:34Z">
          <reporter-output>
          </reporter-output>
        </test-method> <!-- beforeClass -->
        <test-method status="PASS" signature="beforeMethod()[pri:0, instance:com.revature.testng.HelloWorld@475530b9]" name="beforeMethod" is-config="true" duration-ms="1" started-at="2018-01-23T11:18:34Z" finished-at="2018-01-23T11:18:34Z">
          <reporter-output>
          </reporter-output>
        </test-method> <!-- beforeMethod -->
        <test-method status="PASS" signature="anotherTest()[pri:0, instance:com.revature.testng.HelloWorld@475530b9]" name="anotherTest" duration-ms="6" started-at="2018-01-23T11:18:34Z" finished-at="2018-01-23T11:18:34Z">
          <reporter-output>
          </reporter-output>
        </test-method> <!-- anotherTest -->
        <test-method status="PASS" signature="afterMethod()[pri:0, instance:com.revature.testng.HelloWorld@475530b9]" name="afterMethod" is-config="true" duration-ms="1" started-at="2018-01-23T11:18:34Z" finished-at="2018-01-23T11:18:34Z">
          <reporter-output>
          </reporter-output>
        </test-method> <!-- afterMethod -->
        <test-method status="PASS" signature="beforeMethod()[pri:0, instance:com.revature.testng.HelloWorld@475530b9]" name="beforeMethod" is-config="true" duration-ms="0" started-at="2018-01-23T11:18:34Z" finished-at="2018-01-23T11:18:34Z">
          <reporter-output>
          </reporter-output>
        </test-method> <!-- beforeMethod -->
        <test-method status="PASS" signature="f(java.lang.Integer, java.lang.String)[pri:0, instance:com.revature.testng.HelloWorld@475530b9]" name="f" duration-ms="2" started-at="2018-01-23T11:18:34Z" data-provider="dp" finished-at="2018-01-23T11:18:34Z">
          <params>
            <param index="0">
              <value>
                <![CDATA[1]]>
              </value>
            </param>
            <param index="1">
              <value>
                <![CDATA[a]]>
              </value>
            </param>
          </params>
          <reporter-output>
          </reporter-output>
        </test-method> <!-- f -->
        <test-method status="PASS" signature="afterMethod()[pri:0, instance:com.revature.testng.HelloWorld@475530b9]" name="afterMethod" is-config="true" duration-ms="0" started-at="2018-01-23T11:18:34Z" finished-at="2018-01-23T11:18:34Z">
          <reporter-output>
          </reporter-output>
        </test-method> <!-- afterMethod -->
        <test-method status="PASS" signature="f(java.lang.Integer, java.lang.String)[pri:0, instance:com.revature.testng.HelloWorld@475530b9]" name="f" duration-ms="5" started-at="2018-01-23T11:18:34Z" data-provider="dp" finished-at="2018-01-23T11:18:34Z">
          <params>
            <param index="0">
              <value>
                <![CDATA[2]]>
              </value>
            </param>
            <param index="1">
              <value>
                <![CDATA[b]]>
              </value>
            </param>
          </params>
          <reporter-output>
          </reporter-output>
        </test-method> <!-- f -->
        <test-method status="PASS" signature="beforeMethod()[pri:0, instance:com.revature.testng.HelloWorld@475530b9]" name="beforeMethod" is-config="true" duration-ms="0" started-at="2018-01-23T11:18:34Z" finished-at="2018-01-23T11:18:34Z">
          <reporter-output>
          </reporter-output>
        </test-method> <!-- beforeMethod -->
        <test-method status="PASS" signature="afterMethod()[pri:0, instance:com.revature.testng.HelloWorld@475530b9]" name="afterMethod" is-config="true" duration-ms="1" started-at="2018-01-23T11:18:34Z" finished-at="2018-01-23T11:18:34Z">
          <reporter-output>
          </reporter-output>
        </test-method> <!-- afterMethod -->
        <test-method status="PASS" signature="afterClass()[pri:0, instance:com.revature.testng.HelloWorld@475530b9]" name="afterClass" is-config="true" duration-ms="1" started-at="2018-01-23T11:18:34Z" finished-at="2018-01-23T11:18:34Z">
          <reporter-output>
          </reporter-output>
        </test-method> <!-- afterClass -->
        <test-method status="PASS" signature="afterTest()[pri:0, instance:com.revature.testng.HelloWorld@475530b9]" name="afterTest" is-config="true" duration-ms="0" started-at="2018-01-23T11:18:34Z" finished-at="2018-01-23T11:18:34Z">
          <reporter-output>
          </reporter-output>
        </test-method> <!-- afterTest -->
        <test-method status="PASS" signature="afterSuite()[pri:0, instance:com.revature.testng.HelloWorld@475530b9]" name="afterSuite" is-config="true" duration-ms="1" started-at="2018-01-23T11:18:34Z" finished-at="2018-01-23T11:18:34Z">
          <reporter-output>
          </reporter-output>
        </test-method> <!-- afterSuite -->
      </class> <!-- com.revature.testng.HelloWorld -->
    </test> <!-- Default test -->
  </suite> <!-- Default suite -->
</testng-results>
