<?xml version="1.0" encoding="UTF-8"?>
<testng-results skipped="0" failed="0" ignored="0" total="1" passed="1">
  <reporter-output>
  </reporter-output>
  <suite name="Default suite" duration-ms="475" started-at="2018-01-24T16:45:20Z" finished-at="2018-01-24T16:45:20Z">
    <groups>
      <group name="cucumber">
        <method signature="AbstractTestNGCucumberTests.feature(cucumber.api.testng.CucumberFeatureWrapper)[pri:0, instance:com.revature.runners.TestRunner@14bf9759]" name="feature" class="cucumber.api.testng.AbstractTestNGCucumberTests"/>
      </group> <!-- cucumber -->
    </groups>
    <test name="Default test" duration-ms="475" started-at="2018-01-24T16:45:20Z" finished-at="2018-01-24T16:45:20Z">
      <class name="com.revature.runners.TestRunner">
        <test-method status="PASS" signature="setUpClass()[pri:0, instance:com.revature.runners.TestRunner@14bf9759]" name="setUpClass" is-config="true" duration-ms="318" started-at="2018-01-24T11:45:20Z" finished-at="2018-01-24T11:45:20Z">
          <reporter-output>
          </reporter-output>
        </test-method> <!-- setUpClass -->
        <test-method status="PASS" signature="feature(cucumber.api.testng.CucumberFeatureWrapper)[pri:0, instance:com.revature.runners.TestRunner@14bf9759]" name="feature" duration-ms="15" started-at="2018-01-24T11:45:20Z" description="Runs Cucumber Feature" data-provider="features" finished-at="2018-01-24T11:45:20Z">
          <params>
            <param index="0">
              <value>
                <![CDATA[]]>
              </value>
            </param>
          </params>
          <reporter-output>
          </reporter-output>
        </test-method> <!-- feature -->
        <test-method status="PASS" signature="tearDownClass()[pri:0, instance:com.revature.runners.TestRunner@14bf9759]" name="tearDownClass" is-config="true" duration-ms="25" started-at="2018-01-24T11:45:20Z" finished-at="2018-01-24T11:45:20Z">
          <reporter-output>
          </reporter-output>
        </test-method> <!-- tearDownClass -->
      </class> <!-- com.revature.runners.TestRunner -->
    </test> <!-- Default test -->
  </suite> <!-- Default suite -->
</testng-results>
